<?xml version="1.0" encoding="UTF-8"?>
<!-- Generated by org.testng.reporters.JUnitReportReporter -->
<testsuite hostname="LAPTOP-O6FNABQK" failures="0" tests="1" name="testscripts.CreateEventTest" time="21.039" errors="0" timestamp="2024-03-13T11:04:11 IST" skipped="0">
  <testcase classname="testscripts.CreateEventTest" name="createEventTest" time="21.039"/>
  <system-out/>
</testsuite> <!-- testscripts.CreateEventTest -->
