<?xml version="1.0" encoding="UTF-8"?>
<!-- Generated by org.testng.reporters.JUnitReportReporter -->
<testsuite hostname="LAPTOP-O6FNABQK" failures="0" tests="1" name="testscripts.CreateLeadTest" time="28.837" errors="0" timestamp="2024-03-13T11:02:48 IST" skipped="0">
  <testcase classname="testscripts.CreateLeadTest" name="createLeadTest" time="28.837"/>
  <system-out/>
</testsuite> <!-- testscripts.CreateLeadTest -->
