<?xml version="1.0" encoding="UTF-8"?>
<!-- Generated by org.testng.reporters.JUnitReportReporter -->
<testsuite hostname="LAPTOP-O6FNABQK" failures="0" tests="1" name="testscripts.CreateOrgWithTypeAndIndustryTest" time="21.854" errors="0" timestamp="2024-03-13T11:33:04 IST" skipped="0">
  <testcase classname="testscripts.CreateOrgWithTypeAndIndustryTest" name="createOrgWithTypeAndIndustryTest" time="21.854"/>
  <system-out/>
</testsuite> <!-- testscripts.CreateOrgWithTypeAndIndustryTest -->
