<?xml version="1.0" encoding="UTF-8"?>
<!-- Generated by org.testng.reporters.JUnitReportReporter -->
<testsuite hostname="LAPTOP-O6FNABQK" failures="0" tests="1" name="testscripts.CreateOrgTest" time="27.585" errors="0" timestamp="2024-03-13T11:01:00 IST" skipped="0">
  <testcase classname="testscripts.CreateOrgTest" name="createNewOrgTest" time="27.585"/>
  <system-out/>
</testsuite> <!-- testscripts.CreateOrgTest -->
