<?xml version="1.0" encoding="UTF-8"?>
<!-- Generated by org.testng.reporters.JUnitReportReporter -->
<testsuite hostname="LAPTOP-O6FNABQK" failures="0" tests="1" name="testscripts.CreateAndDuplicateTestLeadTest" time="51.578" errors="0" timestamp="2024-03-13T11:26:03 IST" skipped="0">
  <testcase classname="testscripts.CreateAndDuplicateTestLeadTest" name="createNewContactTest" time="51.578"/>
  <system-out/>
</testsuite> <!-- testscripts.CreateAndDuplicateTestLeadTest -->
